<?xml version="1.0" encoding="UTF-8"?>
<!-- Generated by org.testng.reporters.JUnitXMLReporter -->
<testsuite hostname="Amar-PC" ignored="0" name="Test" tests="3" failures="0" timestamp="02 Jul 2020 18:23:34 GMT" time="226.186" errors="0">
  <testcase name="verifytile" time="15.171" classname="Module1_TestCases.LoginTestcase"/>
  <testcase name="CaptureTitle" time="135.848" classname="Module1_TestCases.WindowsHandling"/>
  <testcase name="CaptureParentWindowTitle" time="5.456" classname="Module1_TestCases.WindowsHandling"/>
</testsuite> <!-- Test -->
