<?xml version="1.0" encoding="UTF-8"?>
<testng-results skipped="0" failed="0" ignored="0" total="3" passed="3">
  <reporter-output>
  </reporter-output>
  <suite name="Suite" duration-ms="226186" started-at="2020-07-02T18:19:47Z" finished-at="2020-07-02T18:23:33Z">
    <groups>
    </groups>
    <test name="Test" duration-ms="226186" started-at="2020-07-02T18:19:47Z" finished-at="2020-07-02T18:23:33Z">
      <class name="Module1_TestCases.WindowsHandling">
        <test-method status="PASS" signature="CaptureTitle()[pri:0, instance:Module1_TestCases.WindowsHandling@15530b9]" name="CaptureTitle" duration-ms="135848" started-at="2020-07-02T18:21:12Z" finished-at="2020-07-02T18:23:28Z">
          <reporter-output>
          </reporter-output>
        </test-method> <!-- CaptureTitle -->
        <test-method status="PASS" signature="CaptureParentWindowTitle()[pri:2, instance:Module1_TestCases.WindowsHandling@15530b9]" name="CaptureParentWindowTitle" duration-ms="5456" started-at="2020-07-02T18:23:28Z" finished-at="2020-07-02T18:23:33Z">
          <reporter-output>
          </reporter-output>
        </test-method> <!-- CaptureParentWindowTitle -->
      </class> <!-- Module1_TestCases.WindowsHandling -->
      <class name="Module1_TestCases.LoginTestcase">
        <test-method status="PASS" signature="login()[pri:0, instance:Module1_TestCases.LoginTestcase@1057a39]" name="login" is-config="true" duration-ms="64780" started-at="2020-07-02T18:19:47Z" finished-at="2020-07-02T18:20:52Z">
          <reporter-output>
          </reporter-output>
        </test-method> <!-- login -->
        <test-method status="PASS" signature="login()[pri:0, instance:Module1_TestCases.WindowsHandling@15530b9]" name="login" is-config="true" duration-ms="19828" started-at="2020-07-02T18:20:52Z" finished-at="2020-07-02T18:21:12Z">
          <reporter-output>
          </reporter-output>
        </test-method> <!-- login -->
        <test-method status="PASS" signature="verifytile()[pri:0, instance:Module1_TestCases.LoginTestcase@1057a39]" name="verifytile" duration-ms="15171" started-at="2020-07-02T18:21:12Z" finished-at="2020-07-02T18:21:27Z">
          <reporter-output>
          </reporter-output>
        </test-method> <!-- verifytile -->
      </class> <!-- Module1_TestCases.LoginTestcase -->
    </test> <!-- Test -->
  </suite> <!-- Suite -->
</testng-results>
